Arguments: 
  /Users/vfa-sangtd/.nvm/versions/node/v18.16.0/bin/node /Users/vfa-sangtd/.yarn/bin/yarn.js

PATH: 
  /Users/vfa-sangtd/.yarn/bin:/Users/vfa-sangtd/.config/yarn/global/node_modules/.bin:/Users/vfa-sangtd/.yvm/shim:/Users/vfa-sangtd/.nvm/versions/node/v18.16.0/bin:/opt/homebrew/opt/mongodb-community@4.4/bin:/Users/vfa-sangtd/.pyenv/shims:/Library/Frameworks/Python.framework/Versions/2.7/bin:/Library/Frameworks/Python.framework/Versions/3.10/bin:/opt/homebrew/bin:/opt/homebrew/sbin:/usr/local/bin:/System/Cryptexes/App/usr/bin:/usr/bin:/bin:/usr/sbin:/sbin:/Library/Apple/usr/bin:/Users/vfa-sangtd/.fig/bin:/Users/vfa-sangtd/.local/bin:/Users/vfa-sangtd/Development/flutter/bin

Yarn version: 
  1.22.4

Node version: 
  18.16.0

Platform: 
  darwin arm64

Trace: 
  Error: EPERM: operation not permitted, unlink '/Users/vfa-sangtd/Documents/3. Development/cloud/demo-cdk/demo-cdk/node_modules/aws-cdk/db.json.gz'

npm manifest: 
  {
    "name": "demo-cdk",
    "version": "0.1.0",
    "bin": {
      "demo-cdk": "bin/demo-cdk.js"
    },
    "scripts": {
      "build": "tsc",
      "watch": "tsc -w",
      "test": "jest",
      "cdk": "cdk"
    },
    "devDependencies": {
      "@types/jest": "^29.5.12",
      "@types/node": "20.14.9",
      "jest": "^29.7.0",
      "ts-jest": "^29.1.5",
      "aws-cdk": "2.149.0",
      "ts-node": "^10.9.2",
      "typescript": "~5.5.3"
    },
    "dependencies": {
      "aws-cdk-lib": "2.149.0",
      "constructs": "^10.0.0",
      "source-map-support": "^0.5.21"
    }
  }

yarn manifest: 
  No manifest

Lockfile: 
  No lockfile
